<?xml version="1.0" encoding="UTF-8"?>
<!-- Generated by org.testng.reporters.JUnitReportReporter -->
<testsuite skipped="0" hostname="LAPTOP-GSK6LIA6" name="Test.WebTable" tests="1" failures="0" timestamp="25 May 2020 09:32:52 GMT" time="52.285" errors="0">
  <testcase name="test" time="52.285" classname="Test.WebTable"/>
</testsuite> <!-- Test.WebTable -->
